app/build/outputs/logs/manifest-merger-debug-report.txt
-- Merging decision tree log ---
manifest
ADDED from src/main/AndroidManifest.xml:2:1-52:12
INJECTED from src/main/AndroidManifest.xml:2:1-52:12
INJECTED from src/main/AndroidManifest.xml:2:1-52:12
INJECTED from src/main/AndroidManifest.xml:2:1-52:12
MERGED from [:viewslefdemo] AndroidManifest.xml:2:1-24:12
MERGED from [:xfermodedemo] AndroidManifest.xml:2:1-18:12
MERGED from [:animatorchange] AndroidManifest.xml:2:1-17:12
MERGED from [:base] AndroidManifest.xml:2:1-15:12
MERGED from [com.android.support:design:27.1.1] AndroidManifest.xml:17:1-22:12
MERGED from [com.alibaba:arouter-api:1.3.1] AndroidManifest.xml:2:1-10:12
MERGED from [org.jetbrains.anko:anko:0.10.7] AndroidManifest.xml:2:1-13:12
MERGED from [org.jetbrains.anko:anko-appcompat-v7:0.10.7] AndroidManifest.xml:2:1-13:12
MERGED from [org.jetbrains.anko:anko-support-v4:0.10.7] AndroidManifest.xml:2:1-13:12
MERGED from [org.jetbrains.anko:anko-appcompat-v7-coroutines:0.10.7] AndroidManifest.xml:2:1-13:12
MERGED from [org.jetbrains.anko:anko-appcompat-v7-commons:0.10.7] AndroidManifest.xml:2:1-13:12
MERGED from [org.jetbrains.anko:anko-support-v4-commons:0.10.7] AndroidManifest.xml:2:1-13:12
MERGED from [org.jetbrains.anko:supportV4-base:0.10.7] AndroidManifest.xml:2:1-11:12
MERGED from [com.android.support:support-v4:27.1.1] AndroidManifest.xml:17:1-22:12
MERGED from [com.applandeo:material-calendar-view:1.5.1] AndroidManifest.xml:2:1-17:12
MERGED from [org.jetbrains.anko:appcompatV7-base:0.10.7] AndroidManifest.xml:2:1-11:12
MERGED from [com.android.support:appcompat-v7:27.1.1] AndroidManifest.xml:17:1-22:12
MERGED from [com.android.support:cardview-v7:27.1.1] AndroidManifest.xml:17:1-22:12
MERGED from [com.android.support.constraint:constraint-layout:1.1.3] AndroidManifest.xml:2:1-11:12
MERGED from [android.arch.persistence.room:rxjava2:1.1.0] AndroidManifest.xml:17:1-22:12
MERGED from [android.arch.persistence.room:runtime:1.1.0] AndroidManifest.xml:17:1-22:12
MERGED from [android.arch.paging:runtime:1.0.0] AndroidManifest.xml:17:1-22:12
MERGED from [android.arch.paging:rxjava2:1.0.0-rc1] AndroidManifest.xml:17:1-22:12
MERGED from [android.arch.lifecycle:extensions:1.1.1] AndroidManifest.xml:17:1-30:12
MERGED from [org.jetbrains.anko:anko-coroutines:0.10.7] AndroidManifest.xml:2:1-13:12
MERGED from [org.jetbrains.anko:anko-sdk27-coroutines:0.10.7] AndroidManifest.xml:2:1-13:12
MERGED from [com.liulishuo.filedownloader:library:1.7.6] AndroidManifest.xml:2:1-18:12
MERGED from [cn.jzvd:jiaozivideoplayer:6.4.3] AndroidManifest.xml:2:1-13:12
MERGED from [org.jetbrains.anko:anko-sqlite:0.10.7] AndroidManifest.xml:2:1-13:12
MERGED from [org.jetbrains.anko:anko-sdk27:0.10.7] AndroidManifest.xml:2:1-13:12
MERGED from [org.jetbrains.anko:anko-commons:0.10.7] AndroidManifest.xml:2:1-13:12
MERGED from [org.jetbrains.anko:sqlite-base:0.10.7] AndroidManifest.xml:2:1-11:12
MERGED from [org.jetbrains.anko:platform-base:0.10.7] AndroidManifest.xml:2:1-11:12
MERGED from [org.jetbrains.anko:commons-base:0.10.7] AndroidManifest.xml:2:1-11:12
MERGED from [com.android.support:customtabs:27.1.1] AndroidManifest.xml:17:1-22:12
MERGED from [com.android.support:recyclerview-v7:27.1.1] AndroidManifest.xml:17:1-22:12
MERGED from [com.android.support:support-fragment:27.1.1] AndroidManifest.xml:17:1-22:12
MERGED from [com.android.support:animated-vector-drawable:27.1.1] AndroidManifest.xml:17:1-22:12
MERGED from [com.android.support:support-core-ui:27.1.1] AndroidManifest.xml:17:1-22:12
MERGED from [com.android.support:transition:27.1.1] AndroidManifest.xml:17:1-22:12
MERGED from [com.android.support:support-vector-drawable:27.1.1] AndroidManifest.xml:17:1-22:12
MERGED from [com.android.support:support-media-compat:27.1.1] AndroidManifest.xml:17:1-22:12
MERGED from [com.android.support:support-core-utils:27.1.1] AndroidManifest.xml:17:1-22:12
MERGED from [com.android.support:support-compat:27.1.1] AndroidManifest.xml:17:1-22:12
MERGED from [android.arch.persistence:db-framework:1.1.0] AndroidManifest.xml:17:1-22:12
MERGED from [android.arch.persistence:db:1.1.0] AndroidManifest.xml:17:1-22:12
MERGED from [android.arch.lifecycle:livedata:1.1.1] AndroidManifest.xml:17:1-22:12
MERGED from [android.arch.lifecycle:livedata-core:1.1.1] AndroidManifest.xml:17:1-22:12
MERGED from [android.arch.core:runtime:1.1.1] AndroidManifest.xml:17:1-22:12
MERGED from [android.arch.lifecycle:runtime:1.1.1] AndroidManifest.xml:17:1-22:12
MERGED from [android.arch.lifecycle:viewmodel:1.1.1] AndroidManifest.xml:17:1-22:12
INJECTED from src/main/AndroidManifest.xml:2:1-52:12
INJECTED from src/main/AndroidManifest.xml:2:1-52:12
INJECTED from src/main/AndroidManifest.xml:2:1-52:12
	package
		ADDED from src/main/AndroidManifest.xml:3:5-50
		INJECTED from src/main/AndroidManifest.xml
		INJECTED from src/main/AndroidManifest.xml
	android:versionName
		INJECTED from src/main/AndroidManifest.xml
		ADDED from src/main/AndroidManifest.xml:2:1-52:12
		INJECTED from src/main/AndroidManifest.xml
	android:versionCode
		INJECTED from src/main/AndroidManifest.xml
		ADDED from src/main/AndroidManifest.xml:2:1-52:12
		INJECTED from src/main/AndroidManifest.xml
	xmlns:android
		ADDED from src/main/AndroidManifest.xml:2:11-69
uses-permission#android.permission.INTERNET
ADDED from src/main/AndroidManifest.xml:5:5-67
	android:name
		ADDED from src/main/AndroidManifest.xml:5:22-64
uses-permission#android.permission.WRITE_EXTERNAL_STORAGE
ADDED from src/main/AndroidManifest.xml:6:5-81
	android:name
		ADDED from src/main/AndroidManifest.xml:6:22-78
uses-permission#android.permission.READ_EXTERNAL_STORAGE
ADDED from src/main/AndroidManifest.xml:7:5-80
	android:name
		ADDED from src/main/AndroidManifest.xml:7:22-77
application
ADDED from src/main/AndroidManifest.xml:9:5-50:19
MERGED from [:viewslefdemo] AndroidManifest.xml:11:5-22:19
MERGED from [:viewslefdemo] AndroidManifest.xml:11:5-22:19
MERGED from [:xfermodedemo] AndroidManifest.xml:11:5-16:19
MERGED from [:xfermodedemo] AndroidManifest.xml:11:5-16:19
MERGED from [:animatorchange] AndroidManifest.xml:11:5-15:19
MERGED from [:animatorchange] AndroidManifest.xml:11:5-15:19
MERGED from [:base] AndroidManifest.xml:11:5-13:19
MERGED from [:base] AndroidManifest.xml:11:5-13:19
MERGED from [org.jetbrains.anko:anko:0.10.7] AndroidManifest.xml:11:5-20
MERGED from [org.jetbrains.anko:anko:0.10.7] AndroidManifest.xml:11:5-20
MERGED from [org.jetbrains.anko:anko-appcompat-v7:0.10.7] AndroidManifest.xml:11:5-20
MERGED from [org.jetbrains.anko:anko-appcompat-v7:0.10.7] AndroidManifest.xml:11:5-20
MERGED from [org.jetbrains.anko:anko-support-v4:0.10.7] AndroidManifest.xml:11:5-20
MERGED from [org.jetbrains.anko:anko-support-v4:0.10.7] AndroidManifest.xml:11:5-20
MERGED from [org.jetbrains.anko:anko-appcompat-v7-coroutines:0.10.7] AndroidManifest.xml:11:5-20
MERGED from [org.jetbrains.anko:anko-appcompat-v7-coroutines:0.10.7] AndroidManifest.xml:11:5-20
MERGED from [org.jetbrains.anko:anko-appcompat-v7-commons:0.10.7] AndroidManifest.xml:11:5-20
MERGED from [org.jetbrains.anko:anko-appcompat-v7-commons:0.10.7] AndroidManifest.xml:11:5-20
MERGED from [org.jetbrains.anko:anko-support-v4-commons:0.10.7] AndroidManifest.xml:11:5-20
MERGED from [org.jetbrains.anko:anko-support-v4-commons:0.10.7] AndroidManifest.xml:11:5-20
MERGED from [com.applandeo:material-calendar-view:1.5.1] AndroidManifest.xml:11:5-15:19
MERGED from [com.applandeo:material-calendar-view:1.5.1] AndroidManifest.xml:11:5-15:19
MERGED from [com.android.support.constraint:constraint-layout:1.1.3] AndroidManifest.xml:9:5-20
MERGED from [com.android.support.constraint:constraint-layout:1.1.3] AndroidManifest.xml:9:5-20
MERGED from [android.arch.lifecycle:extensions:1.1.1] AndroidManifest.xml:22:5-28:19
MERGED from [android.arch.lifecycle:extensions:1.1.1] AndroidManifest.xml:22:5-28:19
MERGED from [org.jetbrains.anko:anko-coroutines:0.10.7] AndroidManifest.xml:11:5-20
MERGED from [org.jetbrains.anko:anko-coroutines:0.10.7] AndroidManifest.xml:11:5-20
MERGED from [org.jetbrains.anko:anko-sdk27-coroutines:0.10.7] AndroidManifest.xml:11:5-20
MERGED from [org.jetbrains.anko:anko-sdk27-coroutines:0.10.7] AndroidManifest.xml:11:5-20
MERGED from [com.liulishuo.filedownloader:library:1.7.6] AndroidManifest.xml:11:5-16:19
MERGED from [com.liulishuo.filedownloader:library:1.7.6] AndroidManifest.xml:11:5-16:19
MERGED from [org.jetbrains.anko:anko-sqlite:0.10.7] AndroidManifest.xml:11:5-20
MERGED from [org.jetbrains.anko:anko-sqlite:0.10.7] AndroidManifest.xml:11:5-20
MERGED from [org.jetbrains.anko:anko-sdk27:0.10.7] AndroidManifest.xml:11:5-20
MERGED from [org.jetbrains.anko:anko-sdk27:0.10.7] AndroidManifest.xml:11:5-20
MERGED from [org.jetbrains.anko:anko-commons:0.10.7] AndroidManifest.xml:11:5-20
MERGED from [org.jetbrains.anko:anko-commons:0.10.7] AndroidManifest.xml:11:5-20
	android:supportsRtl
		ADDED from src/main/AndroidManifest.xml:15:9-35
	android:label
		ADDED from src/main/AndroidManifest.xml:13:9-41
	android:hardwareAccelerated
		ADDED from [:xfermodedemo] AndroidManifest.xml:11:18-53
	android:roundIcon
		ADDED from src/main/AndroidManifest.xml:14:9-54
	android:icon
		ADDED from src/main/AndroidManifest.xml:12:9-43
	android:allowBackup
		ADDED from src/main/AndroidManifest.xml:11:9-35
	android:theme
		ADDED from src/main/AndroidManifest.xml:16:9-40
	android:name
		ADDED from src/main/AndroidManifest.xml:10:9-42
activity#com.example.zhangtianzhu.kotlindemo.ui.DatePickerActivity
ADDED from src/main/AndroidManifest.xml:17:9-20:58
	android:screenOrientation
		ADDED from src/main/AndroidManifest.xml:20:13-56
	android:launchMode
		ADDED from src/main/AndroidManifest.xml:19:13-44
	android:name
		ADDED from src/main/AndroidManifest.xml:18:13-50
activity#com.example.zhangtianzhu.kotlindemo.ui.JumpViewSlef
ADDED from src/main/AndroidManifest.xml:21:9-30:20
	android:screenOrientation
		ADDED from src/main/AndroidManifest.xml:24:13-49
	android:launchMode
		ADDED from src/main/AndroidManifest.xml:23:13-44
	android:name
		ADDED from src/main/AndroidManifest.xml:22:13-44
intent-filter#action:name:android.intent.action.MAIN+category:name:android.intent.category.LAUNCHER
ADDED from src/main/AndroidManifest.xml:25:13-29:29
action#android.intent.action.MAIN
ADDED from src/main/AndroidManifest.xml:26:17-69
	android:name
		ADDED from src/main/AndroidManifest.xml:26:25-66
category#android.intent.category.LAUNCHER
ADDED from src/main/AndroidManifest.xml:28:17-77
	android:name
		ADDED from src/main/AndroidManifest.xml:28:27-74
activity#com.example.zhangtianzhu.kotlindemo.ui.RecyclerViewActivity
ADDED from src/main/AndroidManifest.xml:31:9-34:52
	android:screenOrientation
		ADDED from src/main/AndroidManifest.xml:34:13-49
	android:launchMode
		ADDED from src/main/AndroidManifest.xml:33:13-44
	android:name
		ADDED from src/main/AndroidManifest.xml:32:13-52
activity#com.example.zhangtianzhu.kotlindemo.ui.ListViewActivity
ADDED from src/main/AndroidManifest.xml:35:9-57
	android:name
		ADDED from src/main/AndroidManifest.xml:35:19-54
activity#com.example.zhangtianzhu.kotlindemo.ui.MainActivity
ADDED from src/main/AndroidManifest.xml:36:9-53
	android:name
		ADDED from src/main/AndroidManifest.xml:36:19-50
activity#com.example.zhangtianzhu.kotlindemo.ui.TestActivity
ADDED from src/main/AndroidManifest.xml:37:9-53
	android:name
		ADDED from src/main/AndroidManifest.xml:37:19-50
activity#com.example.zhangtianzhu.kotlindemo.students.activity.ReadingActivity
ADDED from src/main/AndroidManifest.xml:38:9-71
	android:name
		ADDED from src/main/AndroidManifest.xml:38:19-68
activity#com.example.zhangtianzhu.kotlindemo.students.activity.ReadingDetailActivity
ADDED from src/main/AndroidManifest.xml:39:9-77
	android:name
		ADDED from src/main/AndroidManifest.xml:39:19-74
activity#com.example.zhangtianzhu.kotlindemo.students.activity.IntensiveReadActivity
ADDED from src/main/AndroidManifest.xml:40:9-77
	android:name
		ADDED from src/main/AndroidManifest.xml:40:19-74
activity#com.example.zhangtianzhu.kotlindemo.ui.AnnotationActivity
ADDED from src/main/AndroidManifest.xml:41:9-59
	android:name
		ADDED from src/main/AndroidManifest.xml:41:19-56
activity#com.example.zhangtianzhu.kotlindemo.ui.AnimatorActivity
ADDED from src/main/AndroidManifest.xml:42:9-45:47
	android:launchMode
		ADDED from src/main/AndroidManifest.xml:45:13-44
	android:configChanges
		ADDED from src/main/AndroidManifest.xml:44:13-74
	android:name
		ADDED from src/main/AndroidManifest.xml:43:13-48
activity#com.example.zhangtianzhu.kotlindemo.ui.AnimatorActivityTwo
ADDED from src/main/AndroidManifest.xml:46:9-48:47
	android:launchMode
		ADDED from src/main/AndroidManifest.xml:48:13-44
	android:name
		ADDED from src/main/AndroidManifest.xml:47:13-51
activity#com.example.zhangtianzhu.kotlindemo.ui.CalendarActivity
ADDED from src/main/AndroidManifest.xml:49:9-57
	android:name
		ADDED from src/main/AndroidManifest.xml:49:19-54
uses-sdk
INJECTED from src/main/AndroidManifest.xml reason: use-sdk injection requested
INJECTED from src/main/AndroidManifest.xml
INJECTED from src/main/AndroidManifest.xml
MERGED from [:viewslefdemo] AndroidManifest.xml:7:5-9:41
MERGED from [:viewslefdemo] AndroidManifest.xml:7:5-9:41
MERGED from [:xfermodedemo] AndroidManifest.xml:7:5-9:41
MERGED from [:xfermodedemo] AndroidManifest.xml:7:5-9:41
MERGED from [:animatorchange] AndroidManifest.xml:7:5-9:41
MERGED from [:animatorchange] AndroidManifest.xml:7:5-9:41
MERGED from [:base] AndroidManifest.xml:7:5-9:41
MERGED from [:base] AndroidManifest.xml:7:5-9:41
MERGED from [com.android.support:design:27.1.1] AndroidManifest.xml:20:5-44
MERGED from [com.android.support:design:27.1.1] AndroidManifest.xml:20:5-44
MERGED from [com.alibaba:arouter-api:1.3.1] AndroidManifest.xml:6:5-8:41
MERGED from [com.alibaba:arouter-api:1.3.1] AndroidManifest.xml:6:5-8:41
MERGED from [org.jetbrains.anko:anko:0.10.7] AndroidManifest.xml:7:5-9:41
MERGED from [org.jetbrains.anko:anko:0.10.7] AndroidManifest.xml:7:5-9:41
MERGED from [org.jetbrains.anko:anko-appcompat-v7:0.10.7] AndroidManifest.xml:7:5-9:41
MERGED from [org.jetbrains.anko:anko-appcompat-v7:0.10.7] AndroidManifest.xml:7:5-9:41
MERGED from [org.jetbrains.anko:anko-support-v4:0.10.7] AndroidManifest.xml:7:5-9:41
MERGED from [org.jetbrains.anko:anko-support-v4:0.10.7] AndroidManifest.xml:7:5-9:41
MERGED from [org.jetbrains.anko:anko-appcompat-v7-coroutines:0.10.7] AndroidManifest.xml:7:5-9:41
MERGED from [org.jetbrains.anko:anko-appcompat-v7-coroutines:0.10.7] AndroidManifest.xml:7:5-9:41
MERGED from [org.jetbrains.anko:anko-appcompat-v7-commons:0.10.7] AndroidManifest.xml:7:5-9:41
MERGED from [org.jetbrains.anko:anko-appcompat-v7-commons:0.10.7] AndroidManifest.xml:7:5-9:41
MERGED from [org.jetbrains.anko:anko-support-v4-commons:0.10.7] AndroidManifest.xml:7:5-9:41
MERGED from [org.jetbrains.anko:anko-support-v4-commons:0.10.7] AndroidManifest.xml:7:5-9:41
MERGED from [org.jetbrains.anko:supportV4-base:0.10.7] AndroidManifest.xml:7:5-9:41
MERGED from [org.jetbrains.anko:supportV4-base:0.10.7] AndroidManifest.xml:7:5-9:41
MERGED from [com.android.support:support-v4:27.1.1] AndroidManifest.xml:20:5-44
MERGED from [com.android.support:support-v4:27.1.1] AndroidManifest.xml:20:5-44
MERGED from [com.applandeo:material-calendar-view:1.5.1] AndroidManifest.xml:7:5-9:41
MERGED from [com.applandeo:material-calendar-view:1.5.1] AndroidManifest.xml:7:5-9:41
MERGED from [org.jetbrains.anko:appcompatV7-base:0.10.7] AndroidManifest.xml:7:5-9:41
MERGED from [org.jetbrains.anko:appcompatV7-base:0.10.7] AndroidManifest.xml:7:5-9:41
MERGED from [com.android.support:appcompat-v7:27.1.1] AndroidManifest.xml:20:5-44
MERGED from [com.android.support:appcompat-v7:27.1.1] AndroidManifest.xml:20:5-44
MERGED from [com.android.support:cardview-v7:27.1.1] AndroidManifest.xml:20:5-44
MERGED from [com.android.support:cardview-v7:27.1.1] AndroidManifest.xml:20:5-44
MERGED from [com.android.support.constraint:constraint-layout:1.1.3] AndroidManifest.xml:5:5-7:41
MERGED from [com.android.support.constraint:constraint-layout:1.1.3] AndroidManifest.xml:5:5-7:41
MERGED from [android.arch.persistence.room:rxjava2:1.1.0] AndroidManifest.xml:20:5-44
MERGED from [android.arch.persistence.room:rxjava2:1.1.0] AndroidManifest.xml:20:5-44
MERGED from [android.arch.persistence.room:runtime:1.1.0] AndroidManifest.xml:20:5-44
MERGED from [android.arch.persistence.room:runtime:1.1.0] AndroidManifest.xml:20:5-44
MERGED from [android.arch.paging:runtime:1.0.0] AndroidManifest.xml:20:5-44
MERGED from [android.arch.paging:runtime:1.0.0] AndroidManifest.xml:20:5-44
MERGED from [android.arch.paging:rxjava2:1.0.0-rc1] AndroidManifest.xml:20:5-44
MERGED from [android.arch.paging:rxjava2:1.0.0-rc1] AndroidManifest.xml:20:5-44
MERGED from [android.arch.lifecycle:extensions:1.1.1] AndroidManifest.xml:20:5-44
MERGED from [android.arch.lifecycle:extensions:1.1.1] AndroidManifest.xml:20:5-44
MERGED from [org.jetbrains.anko:anko-coroutines:0.10.7] AndroidManifest.xml:7:5-9:41
MERGED from [org.jetbrains.anko:anko-coroutines:0.10.7] AndroidManifest.xml:7:5-9:41
MERGED from [org.jetbrains.anko:anko-sdk27-coroutines:0.10.7] AndroidManifest.xml:7:5-9:41
MERGED from [org.jetbrains.anko:anko-sdk27-coroutines:0.10.7] AndroidManifest.xml:7:5-9:41
MERGED from [com.liulishuo.filedownloader:library:1.7.6] AndroidManifest.xml:6:5-43
MERGED from [com.liulishuo.filedownloader:library:1.7.6] AndroidManifest.xml:6:5-43
MERGED from [cn.jzvd:jiaozivideoplayer:6.4.3] AndroidManifest.xml:7:5-9:41
MERGED from [cn.jzvd:jiaozivideoplayer:6.4.3] AndroidManifest.xml:7:5-9:41
MERGED from [org.jetbrains.anko:anko-sqlite:0.10.7] AndroidManifest.xml:7:5-9:41
MERGED from [org.jetbrains.anko:anko-sqlite:0.10.7] AndroidManifest.xml:7:5-9:41
MERGED from [org.jetbrains.anko:anko-sdk27:0.10.7] AndroidManifest.xml:7:5-9:41
MERGED from [org.jetbrains.anko:anko-sdk27:0.10.7] AndroidManifest.xml:7:5-9:41
MERGED from [org.jetbrains.anko:anko-commons:0.10.7] AndroidManifest.xml:7:5-9:41
MERGED from [org.jetbrains.anko:anko-commons:0.10.7] AndroidManifest.xml:7:5-9:41
MERGED from [org.jetbrains.anko:sqlite-base:0.10.7] AndroidManifest.xml:7:5-9:41
MERGED from [org.jetbrains.anko:sqlite-base:0.10.7] AndroidManifest.xml:7:5-9:41
MERGED from [org.jetbrains.anko:platform-base:0.10.7] AndroidManifest.xml:7:5-9:41
MERGED from [org.jetbrains.anko:platform-base:0.10.7] AndroidManifest.xml:7:5-9:41
MERGED from [org.jetbrains.anko:commons-base:0.10.7] AndroidManifest.xml:7:5-9:41
MERGED from [org.jetbrains.anko:commons-base:0.10.7] AndroidManifest.xml:7:5-9:41
MERGED from [com.android.support:customtabs:27.1.1] AndroidManifest.xml:20:5-44
MERGED from [com.android.support:customtabs:27.1.1] AndroidManifest.xml:20:5-44
MERGED from [com.android.support:recyclerview-v7:27.1.1] AndroidManifest.xml:20:5-44
MERGED from [com.android.support:recyclerview-v7:27.1.1] AndroidManifest.xml:20:5-44
MERGED from [com.android.support:support-fragment:27.1.1] AndroidManifest.xml:20:5-44
MERGED from [com.android.support:support-fragment:27.1.1] AndroidManifest.xml:20:5-44
MERGED from [com.android.support:animated-vector-drawable:27.1.1] AndroidManifest.xml:20:5-44
MERGED from [com.android.support:animated-vector-drawable:27.1.1] AndroidManifest.xml:20:5-44
MERGED from [com.android.support:support-core-ui:27.1.1] AndroidManifest.xml:20:5-44
MERGED from [com.android.support:support-core-ui:27.1.1] AndroidManifest.xml:20:5-44
MERGED from [com.android.support:transition:27.1.1] AndroidManifest.xml:20:5-44
MERGED from [com.android.support:transition:27.1.1] AndroidManifest.xml:20:5-44
MERGED from [com.android.support:support-vector-drawable:27.1.1] AndroidManifest.xml:20:5-44
MERGED from [com.android.support:support-vector-drawable:27.1.1] AndroidManifest.xml:20:5-44
MERGED from [com.android.support:support-media-compat:27.1.1] AndroidManifest.xml:20:5-44
MERGED from [com.android.support:support-media-compat:27.1.1] AndroidManifest.xml:20:5-44
MERGED from [com.android.support:support-core-utils:27.1.1] AndroidManifest.xml:20:5-44
MERGED from [com.android.support:support-core-utils:27.1.1] AndroidManifest.xml:20:5-44
MERGED from [com.android.support:support-compat:27.1.1] AndroidManifest.xml:20:5-44
MERGED from [com.android.support:support-compat:27.1.1] AndroidManifest.xml:20:5-44
MERGED from [android.arch.persistence:db-framework:1.1.0] AndroidManifest.xml:20:5-44
MERGED from [android.arch.persistence:db-framework:1.1.0] AndroidManifest.xml:20:5-44
MERGED from [android.arch.persistence:db:1.1.0] AndroidManifest.xml:20:5-44
MERGED from [android.arch.persistence:db:1.1.0] AndroidManifest.xml:20:5-44
MERGED from [android.arch.lifecycle:livedata:1.1.1] AndroidManifest.xml:20:5-44
MERGED from [android.arch.lifecycle:livedata:1.1.1] AndroidManifest.xml:20:5-44
MERGED from [android.arch.lifecycle:livedata-core:1.1.1] AndroidManifest.xml:20:5-44
MERGED from [android.arch.lifecycle:livedata-core:1.1.1] AndroidManifest.xml:20:5-44
MERGED from [android.arch.core:runtime:1.1.1] AndroidManifest.xml:20:5-44
MERGED from [android.arch.core:runtime:1.1.1] AndroidManifest.xml:20:5-44
MERGED from [android.arch.lifecycle:runtime:1.1.1] AndroidManifest.xml:20:5-44
MERGED from [android.arch.lifecycle:runtime:1.1.1] AndroidManifest.xml:20:5-44
MERGED from [android.arch.lifecycle:viewmodel:1.1.1] AndroidManifest.xml:20:5-44
MERGED from [android.arch.lifecycle:viewmodel:1.1.1] AndroidManifest.xml:20:5-44
INJECTED from src/main/AndroidManifest.xml
INJECTED from src/main/AndroidManifest.xml
	android:targetSdkVersion
		INJECTED from src/main/AndroidManifest.xml
		ADDED from src/main/AndroidManifest.xml
		INJECTED from src/main/AndroidManifest.xml
	android:minSdkVersion
		INJECTED from src/main/AndroidManifest.xml
		ADDED from src/main/AndroidManifest.xml
		INJECTED from src/main/AndroidManifest.xml
activity#com.wanandroid.zhangtianzhu.viewslefdemo.activity.RunningLinearGradientActivity
ADDED from [:viewslefdemo] AndroidManifest.xml:12:9-116
	android:name
		ADDED from [:viewslefdemo] AndroidManifest.xml:12:19-113
activity#com.wanandroid.zhangtianzhu.viewslefdemo.activity.GradientActivity
ADDED from [:viewslefdemo] AndroidManifest.xml:13:9-103
	android:name
		ADDED from [:viewslefdemo] AndroidManifest.xml:13:19-100
activity#com.wanandroid.zhangtianzhu.viewslefdemo.activity.BitmapShaderActivity
ADDED from [:viewslefdemo] AndroidManifest.xml:14:9-107
	android:name
		ADDED from [:viewslefdemo] AndroidManifest.xml:14:19-104
activity#com.wanandroid.zhangtianzhu.viewslefdemo.activity.TileModelActivity
ADDED from [:viewslefdemo] AndroidManifest.xml:15:9-104
	android:name
		ADDED from [:viewslefdemo] AndroidManifest.xml:15:19-101
activity#com.wanandroid.zhangtianzhu.viewslefdemo.activity.PaintRadarActivity
ADDED from [:viewslefdemo] AndroidManifest.xml:16:9-105
	android:name
		ADDED from [:viewslefdemo] AndroidManifest.xml:16:19-102
activity#com.wanandroid.zhangtianzhu.viewslefdemo.activity.ClientActivity
ADDED from [:viewslefdemo] AndroidManifest.xml:17:9-101
	android:name
		ADDED from [:viewslefdemo] AndroidManifest.xml:17:19-98
activity#com.wanandroid.zhangtianzhu.viewslefdemo.activity.ViewSelfActivity
ADDED from [:viewslefdemo] AndroidManifest.xml:18:9-21:52
	android:screenOrientation
		ADDED from [:viewslefdemo] AndroidManifest.xml:21:13-49
	android:launchMode
		ADDED from [:viewslefdemo] AndroidManifest.xml:20:13-44
	android:name
		ADDED from [:viewslefdemo] AndroidManifest.xml:19:13-94
activity#com.wanandroid.zhangtianzhu.xfermodedemo.activity.HeartBeatActivity
ADDED from [:xfermodedemo] AndroidManifest.xml:12:9-104
	android:name
		ADDED from [:xfermodedemo] AndroidManifest.xml:12:19-101
activity#com.wanandroid.zhangtianzhu.xfermodedemo.activity.ScratchActivity
ADDED from [:xfermodedemo] AndroidManifest.xml:13:9-102
	android:name
		ADDED from [:xfermodedemo] AndroidManifest.xml:13:19-99
activity#com.wanandroid.zhangtianzhu.xfermodedemo.activity.GoogleXferActivity
ADDED from [:xfermodedemo] AndroidManifest.xml:14:9-105
	android:name
		ADDED from [:xfermodedemo] AndroidManifest.xml:14:19-102
activity#com.wanandroid.zhangtianzhu.xfermodedemo.activity.XferModelActivity
ADDED from [:xfermodedemo] AndroidManifest.xml:15:9-104
	android:name
		ADDED from [:xfermodedemo] AndroidManifest.xml:15:19-101
activity#com.wanandroid.zhangtianzhu.animatorchange.activity.DialActivity
ADDED from [:animatorchange] AndroidManifest.xml:12:9-101
	android:name
		ADDED from [:animatorchange] AndroidManifest.xml:12:19-98
activity#com.wanandroid.zhangtianzhu.animatorchange.AnimatorModelActivity
ADDED from [:animatorchange] AndroidManifest.xml:13:9-101
	android:name
		ADDED from [:animatorchange] AndroidManifest.xml:13:19-98
activity#com.wanandroid.zhangtianzhu.animatorchange.activity.ShoppingActivity
ADDED from [:animatorchange] AndroidManifest.xml:14:9-105
	android:name
		ADDED from [:animatorchange] AndroidManifest.xml:14:19-102
activity#com.wanandroid.zhangtianzhu.base.BaseActivity
ADDED from [:base] AndroidManifest.xml:12:9-82
	android:name
		ADDED from [:base] AndroidManifest.xml:12:19-79
provider#android.arch.lifecycle.ProcessLifecycleOwnerInitializer
ADDED from [android.arch.lifecycle:extensions:1.1.1] AndroidManifest.xml:23:9-27:43
	android:authorities
		ADDED from [android.arch.lifecycle:extensions:1.1.1] AndroidManifest.xml:25:13-68
	android:multiprocess
		ADDED from [android.arch.lifecycle:extensions:1.1.1] AndroidManifest.xml:27:13-40
	android:exported
		ADDED from [android.arch.lifecycle:extensions:1.1.1] AndroidManifest.xml:26:13-37
	android:name
		ADDED from [android.arch.lifecycle:extensions:1.1.1] AndroidManifest.xml:24:13-83
uses-permission#android.permission.FOREGROUND_SERVICE
ADDED from [com.liulishuo.filedownloader:library:1.7.6] AndroidManifest.xml:9:5-77
	android:name
		ADDED from [com.liulishuo.filedownloader:library:1.7.6] AndroidManifest.xml:9:22-74
service#com.liulishuo.filedownloader.services.FileDownloadService$SharedMainProcessService
ADDED from [com.liulishuo.filedownloader:library:1.7.6] AndroidManifest.xml:12:9-118
	android:name
		ADDED from [com.liulishuo.filedownloader:library:1.7.6] AndroidManifest.xml:12:18-115
service#com.liulishuo.filedownloader.services.FileDownloadService$SeparateProcessService
ADDED from [com.liulishuo.filedownloader:library:1.7.6] AndroidManifest.xml:13:9-15:49
	android:process
		ADDED from [com.liulishuo.filedownloader:library:1.7.6] AndroidManifest.xml:15:13-46
	android:name
		ADDED from [com.liulishuo.filedownloader:library:1.7.6] AndroidManifest.xml:14:13-108
uses-permission#android.permission.ACCESS_NETWORK_STATE
ADDED from [cn.jzvd:jiaozivideoplayer:6.4.3] AndroidManifest.xml:11:5-79
	android:name
		ADDED from [cn.jzvd:jiaozivideoplayer:6.4.3] AndroidManifest.xml:11:22-76